<?xml version="1.0" encoding="UTF-8"?>
<!-- Generated by org.testng.reporters.JUnitXMLReporter -->
<testsuite ignored="0" hostname="Nikhil" failures="0" tests="2" name="Surefire test" time="0.117" errors="0" timestamp="2022-03-04T13:41:17 IST">
  <testcase classname="qaclickacademy.Mavenjava.AppiumTest" name="iosApp on iosApp(qaclickacademy.Mavenjava.AppiumTest)" time="0.018"/>
  <testcase classname="qaclickacademy.Mavenjava.AppiumTest" name="nativeAppAndroid on nativeAppAndroid(qaclickacademy.Mavenjava.AppiumTest)" time="0.016"/>
</testsuite> <!-- Surefire test -->
