<?xml version="1.0" encoding="UTF-8"?>
<testng-results ignored="0" total="2" passed="2" failed="0" skipped="0">
  <reporter-output>
  </reporter-output>
  <suite started-at="2022-03-04T13:41:16 IST" name="Surefire suite" finished-at="2022-03-04T13:41:16 IST" duration-ms="117">
    <groups>
    </groups>
    <test started-at="2022-03-04T13:41:16 IST" name="Surefire test" finished-at="2022-03-04T13:41:16 IST" duration-ms="117">
      <class name="qaclickacademy.Mavenjava.AppiumTest">
        <test-method signature="iosApp()" started-at="2022-03-04T13:41:16 IST" name="iosApp" finished-at="2022-03-04T13:41:16 IST" duration-ms="18" status="PASS">
          <reporter-output>
          </reporter-output>
        </test-method> <!-- iosApp -->
        <test-method signature="nativeAppAndroid()" started-at="2022-03-04T13:41:16 IST" name="nativeAppAndroid" finished-at="2022-03-04T13:41:16 IST" duration-ms="16" status="PASS">
          <reporter-output>
          </reporter-output>
        </test-method> <!-- nativeAppAndroid -->
      </class> <!-- qaclickacademy.Mavenjava.AppiumTest -->
    </test> <!-- Surefire test -->
  </suite> <!-- Surefire suite -->
</testng-results>
